This file contains any messages produced by compilers while
running configure, to aid debugging if configure makes a mistake.

It was created by python-gtkextra configure 1.1.0, which was
generated by GNU Autoconf 2.69.  Invocation command line was

  $ ./configure 

## --------- ##
## Platform. ##
## --------- ##

hostname = manas-ThinkPad-E420
uname -m = x86_64
uname -r = 3.5.0-17-generic
uname -s = Linux
uname -v = #28-Ubuntu SMP Tue Oct 9 19:31:23 UTC 2012

/usr/bin/uname -p = unknown
/bin/uname -X     = unknown

/bin/arch              = unknown
/usr/bin/arch -k       = unknown
/usr/convex/getsysinfo = unknown
/usr/bin/hostinfo      = unknown
/bin/machine           = unknown
/usr/bin/oslevel       = unknown
/bin/universe          = unknown

PATH: /usr/local/sbin
PATH: /usr/local/bin
PATH: /usr/sbin
PATH: /usr/bin
PATH: /sbin
PATH: /bin


## ----------- ##
## Core tests. ##
## ----------- ##

configure:2208: checking for a BSD-compatible install
configure:2276: result: /usr/bin/install -c
configure:2287: checking whether build environment is sane
configure:2337: result: yes
configure:2478: checking for a thread-safe mkdir -p
configure:2517: result: /bin/mkdir -p
configure:2530: checking for gawk
configure:2546: found /usr/bin/gawk
configure:2557: result: gawk
configure:2568: checking whether make sets $(MAKE)
configure:2590: result: yes
configure:2733: checking build system type
configure:2747: result: x86_64-unknown-linux-gnu
configure:2767: checking host system type
configure:2780: result: x86_64-unknown-linux-gnu
configure:2821: checking how to print strings
configure:2848: result: printf
configure:2881: checking for style of include used by make
configure:2909: result: GNU
configure:2980: checking for gcc
configure:2996: found /usr/bin/gcc
configure:3007: result: gcc
configure:3236: checking for C compiler version
configure:3245: gcc --version >&5
gcc (Ubuntu/Linaro 4.7.2-2ubuntu1) 4.7.2
Copyright (C) 2012 Free Software Foundation, Inc.
This is free software; see the source for copying conditions.  There is NO
warranty; not even for MERCHANTABILITY or FITNESS FOR A PARTICULAR PURPOSE.

configure:3256: $? = 0
configure:3245: gcc -v >&5
Using built-in specs.
COLLECT_GCC=gcc
COLLECT_LTO_WRAPPER=/usr/lib/gcc/x86_64-linux-gnu/4.7/lto-wrapper
Target: x86_64-linux-gnu
Configured with: ../src/configure -v --with-pkgversion='Ubuntu/Linaro 4.7.2-2ubuntu1' --with-bugurl=file:///usr/share/doc/gcc-4.7/README.Bugs --enable-languages=c,c++,go,fortran,objc,obj-c++ --prefix=/usr --program-suffix=-4.7 --enable-shared --enable-linker-build-id --with-system-zlib --libexecdir=/usr/lib --without-included-gettext --enable-threads=posix --with-gxx-include-dir=/usr/include/c++/4.7 --libdir=/usr/lib --enable-nls --with-sysroot=/ --enable-clocale=gnu --enable-libstdcxx-debug --enable-libstdcxx-time=yes --enable-gnu-unique-object --enable-plugin --enable-objc-gc --disable-werror --with-arch-32=i686 --with-tune=generic --enable-checking=release --build=x86_64-linux-gnu --host=x86_64-linux-gnu --target=x86_64-linux-gnu
Thread model: posix
gcc version 4.7.2 (Ubuntu/Linaro 4.7.2-2ubuntu1) 
configure:3256: $? = 0
configure:3245: gcc -V >&5
gcc: error: unrecognized command line option '-V'
gcc: fatal error: no input files
compilation terminated.
configure:3256: $? = 4
configure:3245: gcc -qversion >&5
gcc: error: unrecognized command line option '-qversion'
gcc: fatal error: no input files
compilation terminated.
configure:3256: $? = 4
configure:3276: checking whether the C compiler works
configure:3298: gcc    conftest.c  >&5
configure:3302: $? = 0
configure:3350: result: yes
configure:3353: checking for C compiler default output file name
configure:3355: result: a.out
configure:3361: checking for suffix of executables
configure:3368: gcc -o conftest    conftest.c  >&5
configure:3372: $? = 0
configure:3394: result: 
configure:3416: checking whether we are cross compiling
configure:3424: gcc -o conftest    conftest.c  >&5
configure:3428: $? = 0
configure:3435: ./conftest
configure:3439: $? = 0
configure:3454: result: no
configure:3459: checking for suffix of object files
configure:3481: gcc -c   conftest.c >&5
configure:3485: $? = 0
configure:3506: result: o
configure:3510: checking whether we are using the GNU C compiler
configure:3529: gcc -c   conftest.c >&5
configure:3529: $? = 0
configure:3538: result: yes
configure:3547: checking whether gcc accepts -g
configure:3567: gcc -c -g  conftest.c >&5
configure:3567: $? = 0
configure:3608: result: yes
configure:3625: checking for gcc option to accept ISO C89
configure:3688: gcc  -c -g -O2  conftest.c >&5
configure:3688: $? = 0
configure:3701: result: none needed
configure:3723: checking dependency style of gcc
configure:3834: result: gcc3
configure:3849: checking for a sed that does not truncate output
configure:3913: result: /bin/sed
configure:3931: checking for grep that handles long lines and -e
configure:3989: result: /bin/grep
configure:3994: checking for egrep
configure:4056: result: /bin/grep -E
configure:4061: checking for fgrep
configure:4123: result: /bin/grep -F
configure:4158: checking for ld used by gcc
configure:4225: result: /usr/bin/ld
configure:4232: checking if the linker (/usr/bin/ld) is GNU ld
configure:4247: result: yes
configure:4259: checking for BSD- or MS-compatible name lister (nm)
configure:4308: result: /usr/bin/nm -B
configure:4438: checking the name lister (/usr/bin/nm -B) interface
configure:4445: gcc -c -g -O2  conftest.c >&5
configure:4448: /usr/bin/nm -B "conftest.o"
configure:4451: output
0000000000000000 B some_variable
configure:4458: result: BSD nm
configure:4461: checking whether ln -s works
configure:4465: result: yes
configure:4473: checking the maximum length of command line arguments
configure:4603: result: 1572864
configure:4620: checking whether the shell understands some XSI constructs
configure:4630: result: yes
configure:4634: checking whether the shell understands "+="
configure:4640: result: yes
configure:4675: checking how to convert x86_64-unknown-linux-gnu file names to x86_64-unknown-linux-gnu format
configure:4715: result: func_convert_file_noop
configure:4722: checking how to convert x86_64-unknown-linux-gnu file names to toolchain format
configure:4742: result: func_convert_file_noop
configure:4749: checking for /usr/bin/ld option to reload object files
configure:4756: result: -r
configure:4830: checking for objdump
configure:4846: found /usr/bin/objdump
configure:4857: result: objdump
configure:4889: checking how to recognize dependent libraries
configure:5091: result: pass_all
configure:5176: checking for dlltool
configure:5206: result: no
configure:5236: checking how to associate runtime and link libraries
configure:5263: result: printf %s\n
configure:5324: checking for ar
configure:5340: found /usr/bin/ar
configure:5351: result: ar
configure:5388: checking for archiver @FILE support
configure:5405: gcc -c -g -O2  conftest.c >&5
configure:5405: $? = 0
configure:5408: ar cru libconftest.a @conftest.lst >&5
configure:5411: $? = 0
configure:5416: ar cru libconftest.a @conftest.lst >&5
ar: conftest.o: No such file or directory
configure:5419: $? = 1
configure:5431: result: @
configure:5489: checking for strip
configure:5505: found /usr/bin/strip
configure:5516: result: strip
configure:5588: checking for ranlib
configure:5604: found /usr/bin/ranlib
configure:5615: result: ranlib
configure:5717: checking command to parse /usr/bin/nm -B output from gcc object
configure:5837: gcc -c -g -O2  conftest.c >&5
configure:5840: $? = 0
configure:5844: /usr/bin/nm -B conftest.o \| sed -n -e 's/^.*[ ]\([ABCDGIRSTW][ABCDGIRSTW]*\)[ ][ ]*\([_A-Za-z][_A-Za-z0-9]*\)$/\1 \2 \2/p' | sed '/ __gnu_lto/d' \> conftest.nm
configure:5847: $? = 0
configure:5913: gcc -o conftest -g -O2   conftest.c conftstm.o >&5
configure:5916: $? = 0
configure:5954: result: ok
configure:5991: checking for sysroot
configure:6021: result: no
configure:6098: gcc -c -g -O2  conftest.c >&5
configure:6101: $? = 0
configure:6277: checking for mt
configure:6293: found /bin/mt
configure:6304: result: mt
configure:6327: checking if mt is a manifest tool
configure:6333: mt '-?'
configure:6341: result: no
configure:6983: checking how to run the C preprocessor
configure:7014: gcc -E  conftest.c
configure:7014: $? = 0
configure:7028: gcc -E  conftest.c
conftest.c:14:28: fatal error: ac_nonexistent.h: No such file or directory
compilation terminated.
configure:7028: $? = 1
configure: failed program was:
| /* confdefs.h */
| #define PACKAGE_NAME "python-gtkextra"
| #define PACKAGE_TARNAME "python-gtkextra"
| #define PACKAGE_VERSION "1.1.0"
| #define PACKAGE_STRING "python-gtkextra 1.1.0"
| #define PACKAGE_BUGREPORT "http://sourceforge.net/tracker/?group_id=35371"
| #define PACKAGE_URL ""
| #define PYTHON_GTKEXTRA_MAJOR_VERSION 1
| #define PYTHON_GTKEXTRA_MINOR_VERSION 1
| #define PYTHON_GTKEXTRA_MICRO_VERSION 0
| #define PACKAGE "python-gtkextra"
| #define VERSION "1.1.0"
| /* end confdefs.h.  */
| #include <ac_nonexistent.h>
configure:7053: result: gcc -E
configure:7073: gcc -E  conftest.c
configure:7073: $? = 0
configure:7087: gcc -E  conftest.c
conftest.c:14:28: fatal error: ac_nonexistent.h: No such file or directory
compilation terminated.
configure:7087: $? = 1
configure: failed program was:
| /* confdefs.h */
| #define PACKAGE_NAME "python-gtkextra"
| #define PACKAGE_TARNAME "python-gtkextra"
| #define PACKAGE_VERSION "1.1.0"
| #define PACKAGE_STRING "python-gtkextra 1.1.0"
| #define PACKAGE_BUGREPORT "http://sourceforge.net/tracker/?group_id=35371"
| #define PACKAGE_URL ""
| #define PYTHON_GTKEXTRA_MAJOR_VERSION 1
| #define PYTHON_GTKEXTRA_MINOR_VERSION 1
| #define PYTHON_GTKEXTRA_MICRO_VERSION 0
| #define PACKAGE "python-gtkextra"
| #define VERSION "1.1.0"
| /* end confdefs.h.  */
| #include <ac_nonexistent.h>
configure:7116: checking for ANSI C header files
configure:7136: gcc -c -g -O2  conftest.c >&5
configure:7136: $? = 0
configure:7209: gcc -o conftest -g -O2   conftest.c  >&5
configure:7209: $? = 0
configure:7209: ./conftest
configure:7209: $? = 0
configure:7220: result: yes
configure:7233: checking for sys/types.h
configure:7233: gcc -c -g -O2  conftest.c >&5
configure:7233: $? = 0
configure:7233: result: yes
configure:7233: checking for sys/stat.h
configure:7233: gcc -c -g -O2  conftest.c >&5
configure:7233: $? = 0
configure:7233: result: yes
configure:7233: checking for stdlib.h
configure:7233: gcc -c -g -O2  conftest.c >&5
configure:7233: $? = 0
configure:7233: result: yes
configure:7233: checking for string.h
configure:7233: gcc -c -g -O2  conftest.c >&5
configure:7233: $? = 0
configure:7233: result: yes
configure:7233: checking for memory.h
configure:7233: gcc -c -g -O2  conftest.c >&5
configure:7233: $? = 0
configure:7233: result: yes
configure:7233: checking for strings.h
configure:7233: gcc -c -g -O2  conftest.c >&5
configure:7233: $? = 0
configure:7233: result: yes
configure:7233: checking for inttypes.h
configure:7233: gcc -c -g -O2  conftest.c >&5
configure:7233: $? = 0
configure:7233: result: yes
configure:7233: checking for stdint.h
configure:7233: gcc -c -g -O2  conftest.c >&5
configure:7233: $? = 0
configure:7233: result: yes
configure:7233: checking for unistd.h
configure:7233: gcc -c -g -O2  conftest.c >&5
configure:7233: $? = 0
configure:7233: result: yes
configure:7247: checking for dlfcn.h
configure:7247: gcc -c -g -O2  conftest.c >&5
configure:7247: $? = 0
configure:7247: result: yes
configure:7423: checking for objdir
configure:7438: result: .libs
configure:7705: checking if gcc supports -fno-rtti -fno-exceptions
configure:7723: gcc -c -g -O2  -fno-rtti -fno-exceptions conftest.c >&5
cc1: warning: command line option '-fno-rtti' is valid for C++/ObjC++ but not for C [enabled by default]
configure:7727: $? = 0
configure:7740: result: no
configure:8067: checking for gcc option to produce PIC
configure:8074: result: -fPIC -DPIC
configure:8082: checking if gcc PIC flag -fPIC -DPIC works
configure:8100: gcc -c -g -O2  -fPIC -DPIC -DPIC conftest.c >&5
configure:8104: $? = 0
configure:8117: result: yes
configure:8146: checking if gcc static flag -static works
configure:8174: result: yes
configure:8189: checking if gcc supports -c -o file.o
configure:8210: gcc -c -g -O2  -o out/conftest2.o conftest.c >&5
configure:8214: $? = 0
configure:8236: result: yes
configure:8244: checking if gcc supports -c -o file.o
configure:8291: result: yes
configure:8324: checking whether the gcc linker (/usr/bin/ld -m elf_x86_64) supports shared libraries
configure:9481: result: yes
configure:9518: checking whether -lc should be explicitly linked in
configure:9526: gcc -c -g -O2  conftest.c >&5
configure:9529: $? = 0
configure:9544: gcc -shared  -fPIC -DPIC conftest.o  -v -Wl,-soname -Wl,conftest -o conftest 2\>\&1 \| /bin/grep  -lc  \>/dev/null 2\>\&1
configure:9547: $? = 0
configure:9561: result: no
configure:9721: checking dynamic linker characteristics
configure:10232: gcc -o conftest -g -O2   -Wl,-rpath -Wl,/foo conftest.c  >&5
configure:10232: $? = 0
configure:10466: result: GNU/Linux ld.so
configure:10573: checking how to hardcode library paths into programs
configure:10598: result: immediate
configure:11138: checking whether stripping libraries is possible
configure:11143: result: yes
configure:11178: checking if libtool supports shared libraries
configure:11180: result: yes
configure:11183: checking whether to build shared libraries
configure:11204: result: yes
configure:11207: checking whether to build static libraries
configure:11211: result: no
configure:11261: checking for python
configure:11279: found /usr/bin/python
configure:11291: result: /usr/bin/python
configure:11312: checking for python version
configure:11319: result: 2.7
configure:11331: checking for python platform
configure:11338: result: linux2
configure:11345: checking for python script directory
configure:11373: result: ${prefix}/lib/python2.7/dist-packages
configure:11382: checking for python extension module directory
configure:11410: result: ${exec_prefix}/lib/python2.7/dist-packages
configure:11423: checking for python >= 2.2
configure:11433: result: okay
configure:11441: checking for headers required to compile python extensions
configure:11456: gcc -E  -I/usr/include/python2.7 conftest.c
configure:11456: $? = 0
configure:11457: result: found
configure:11495: checking for pkg-config
configure:11513: found /usr/bin/pkg-config
configure:11526: result: /usr/bin/pkg-config
configure:11548: checking for GTK+ - version >= 2.0.0
configure:11658: gcc -o conftest -g -O2 -pthread -I/usr/include/gtk-2.0 -I/usr/lib/x86_64-linux-gnu/gtk-2.0/include -I/usr/include/atk-1.0 -I/usr/include/cairo -I/usr/include/gdk-pixbuf-2.0 -I/usr/include/pango-1.0 -I/usr/include/gio-unix-2.0/ -I/usr/include/glib-2.0 -I/usr/lib/x86_64-linux-gnu/glib-2.0/include -I/usr/include/pixman-1 -I/usr/include/freetype2 -I/usr/include/libpng12     conftest.c -lgtk-x11-2.0 -lgdk-x11-2.0 -latk-1.0 -lgio-2.0 -lpangoft2-1.0 -lpangocairo-1.0 -lgdk_pixbuf-2.0 -lcairo -lpango-1.0 -lfreetype -lfontconfig -lgobject-2.0 -lglib-2.0    >&5
configure:11658: $? = 0
configure:11658: ./conftest
configure:11658: $? = 0
configure:11672: result: yes (version 2.24.13)
configure:11842: checking pkg-config is at least version 0.9.0
configure:11845: result: yes
configure:11855: checking for GTKEXTRA
configure:11862: $PKG_CONFIG --exists --print-errors "gtkextra-2.0 >= 1.1.0"
Package gtkextra-2.0 was not found in the pkg-config search path.
Perhaps you should add the directory containing `gtkextra-2.0.pc'
to the PKG_CONFIG_PATH environment variable
No package 'gtkextra-2.0' found
configure:11865: $? = 1
configure:11879: $PKG_CONFIG --exists --print-errors "gtkextra-2.0 >= 1.1.0"
Package gtkextra-2.0 was not found in the pkg-config search path.
Perhaps you should add the directory containing `gtkextra-2.0.pc'
to the PKG_CONFIG_PATH environment variable
No package 'gtkextra-2.0' found
configure:11882: $? = 1
configure:11896: result: no
No package 'gtkextra-2.0' found
configure:11912: error: Package requirements (gtkextra-2.0 >= 1.1.0) were not met:

No package 'gtkextra-2.0' found

Consider adjusting the PKG_CONFIG_PATH environment variable if you
installed software in a non-standard prefix.

Alternatively, you may set the environment variables GTKEXTRA_CFLAGS
and GTKEXTRA_LIBS to avoid the need to call pkg-config.
See the pkg-config man page for more details.

## ---------------- ##
## Cache variables. ##
## ---------------- ##

ac_cv_build=x86_64-unknown-linux-gnu
ac_cv_c_compiler_gnu=yes
ac_cv_env_CC_set=
ac_cv_env_CC_value=
ac_cv_env_CFLAGS_set=
ac_cv_env_CFLAGS_value=
ac_cv_env_CPPFLAGS_set=
ac_cv_env_CPPFLAGS_value=
ac_cv_env_CPP_set=
ac_cv_env_CPP_value=
ac_cv_env_GTKEXTRA_CFLAGS_set=
ac_cv_env_GTKEXTRA_CFLAGS_value=
ac_cv_env_GTKEXTRA_LIBS_set=
ac_cv_env_GTKEXTRA_LIBS_value=
ac_cv_env_LDFLAGS_set=
ac_cv_env_LDFLAGS_value=
ac_cv_env_LIBS_set=
ac_cv_env_LIBS_value=
ac_cv_env_PKG_CONFIG_LIBDIR_set=
ac_cv_env_PKG_CONFIG_LIBDIR_value=
ac_cv_env_PKG_CONFIG_PATH_set=
ac_cv_env_PKG_CONFIG_PATH_value=
ac_cv_env_PKG_CONFIG_set=
ac_cv_env_PKG_CONFIG_value=
ac_cv_env_PYGTK_CFLAGS_set=
ac_cv_env_PYGTK_CFLAGS_value=
ac_cv_env_PYGTK_LIBS_set=
ac_cv_env_PYGTK_LIBS_value=
ac_cv_env_PYTHON_set=
ac_cv_env_PYTHON_value=
ac_cv_env_build_alias_set=
ac_cv_env_build_alias_value=
ac_cv_env_host_alias_set=
ac_cv_env_host_alias_value=
ac_cv_env_target_alias_set=
ac_cv_env_target_alias_value=
ac_cv_header_dlfcn_h=yes
ac_cv_header_inttypes_h=yes
ac_cv_header_memory_h=yes
ac_cv_header_stdc=yes
ac_cv_header_stdint_h=yes
ac_cv_header_stdlib_h=yes
ac_cv_header_string_h=yes
ac_cv_header_strings_h=yes
ac_cv_header_sys_stat_h=yes
ac_cv_header_sys_types_h=yes
ac_cv_header_unistd_h=yes
ac_cv_host=x86_64-unknown-linux-gnu
ac_cv_objext=o
ac_cv_path_EGREP='/bin/grep -E'
ac_cv_path_FGREP='/bin/grep -F'
ac_cv_path_GREP=/bin/grep
ac_cv_path_PKG_CONFIG=/usr/bin/pkg-config
ac_cv_path_PYTHON=/usr/bin/python
ac_cv_path_SED=/bin/sed
ac_cv_path_install='/usr/bin/install -c'
ac_cv_path_mkdir=/bin/mkdir
ac_cv_prog_AWK=gawk
ac_cv_prog_CPP='gcc -E'
ac_cv_prog_ac_ct_AR=ar
ac_cv_prog_ac_ct_CC=gcc
ac_cv_prog_ac_ct_MANIFEST_TOOL=mt
ac_cv_prog_ac_ct_OBJDUMP=objdump
ac_cv_prog_ac_ct_RANLIB=ranlib
ac_cv_prog_ac_ct_STRIP=strip
ac_cv_prog_cc_c89=
ac_cv_prog_cc_g=yes
ac_cv_prog_make_make_set=yes
am_cv_CC_dependencies_compiler_type=gcc3
am_cv_python_platform=linux2
am_cv_python_pyexecdir='${exec_prefix}/lib/python2.7/dist-packages'
am_cv_python_pythondir='${prefix}/lib/python2.7/dist-packages'
am_cv_python_version=2.7
lt_cv_ar_at_file=@
lt_cv_archive_cmds_need_lc=no
lt_cv_deplibs_check_method=pass_all
lt_cv_file_magic_cmd='$MAGIC_CMD'
lt_cv_file_magic_test_file=
lt_cv_ld_reload_flag=-r
lt_cv_nm_interface='BSD nm'
lt_cv_objdir=.libs
lt_cv_path_LD=/usr/bin/ld
lt_cv_path_NM='/usr/bin/nm -B'
lt_cv_path_mainfest_tool=no
lt_cv_prog_compiler_c_o=yes
lt_cv_prog_compiler_pic='-fPIC -DPIC'
lt_cv_prog_compiler_pic_works=yes
lt_cv_prog_compiler_rtti_exceptions=no
lt_cv_prog_compiler_static_works=yes
lt_cv_prog_gnu_ld=yes
lt_cv_sharedlib_from_linklib_cmd='printf %s\n'
lt_cv_shlibpath_overrides_runpath=no
lt_cv_sys_global_symbol_pipe='sed -n -e '\''s/^.*[	 ]\([ABCDGIRSTW][ABCDGIRSTW]*\)[	 ][	 ]*\([_A-Za-z][_A-Za-z0-9]*\)$/\1 \2 \2/p'\'' | sed '\''/ __gnu_lto/d'\'''
lt_cv_sys_global_symbol_to_c_name_address='sed -n -e '\''s/^: \([^ ]*\)[ ]*$/  {\"\1\", (void *) 0},/p'\'' -e '\''s/^[ABCDGIRSTW]* \([^ ]*\) \([^ ]*\)$/  {"\2", (void *) \&\2},/p'\'''
lt_cv_sys_global_symbol_to_c_name_address_lib_prefix='sed -n -e '\''s/^: \([^ ]*\)[ ]*$/  {\"\1\", (void *) 0},/p'\'' -e '\''s/^[ABCDGIRSTW]* \([^ ]*\) \(lib[^ ]*\)$/  {"\2", (void *) \&\2},/p'\'' -e '\''s/^[ABCDGIRSTW]* \([^ ]*\) \([^ ]*\)$/  {"lib\2", (void *) \&\2},/p'\'''
lt_cv_sys_global_symbol_to_cdecl='sed -n -e '\''s/^T .* \(.*\)$/extern int \1();/p'\'' -e '\''s/^[ABCDGIRSTW]* .* \(.*\)$/extern char \1;/p'\'''
lt_cv_sys_max_cmd_len=1572864
lt_cv_to_host_file_cmd=func_convert_file_noop
lt_cv_to_tool_file_cmd=func_convert_file_noop

## ----------------- ##
## Output variables. ##
## ----------------- ##

ACLOCAL='${SHELL} /home/manas/carsoft/scanalysis/python-gtkextra2/missing --run aclocal-1.11 '
AMDEPBACKSLASH='\'
AMDEP_FALSE='#'
AMDEP_TRUE=''
AMTAR='$${TAR-tar}'
AR='ar'
AUTOCONF='${SHELL} /home/manas/carsoft/scanalysis/python-gtkextra2/missing --run autoconf'
AUTOHEADER='${SHELL} /home/manas/carsoft/scanalysis/python-gtkextra2/missing --run autoheader'
AUTOMAKE='${SHELL} /home/manas/carsoft/scanalysis/python-gtkextra2/missing --run automake-1.11'
AWK='gawk'
CC='gcc'
CCDEPMODE='depmode=gcc3'
CFLAGS='-g -O2'
CPP='gcc -E'
CPPFLAGS=''
CYGPATH_W='echo'
DEFS=''
DEPDIR='.deps'
DLLTOOL='false'
DSYMUTIL=''
DUMPBIN=''
ECHO_C=''
ECHO_N='-n'
ECHO_T=''
EGREP='/bin/grep -E'
EXEEXT=''
FGREP='/bin/grep -F'
GREP='/bin/grep'
GTKEXTRA_CFLAGS=''
GTKEXTRA_LIBS=''
GTK_CFLAGS='-pthread -I/usr/include/gtk-2.0 -I/usr/lib/x86_64-linux-gnu/gtk-2.0/include -I/usr/include/atk-1.0 -I/usr/include/cairo -I/usr/include/gdk-pixbuf-2.0 -I/usr/include/pango-1.0 -I/usr/include/gio-unix-2.0/ -I/usr/include/glib-2.0 -I/usr/lib/x86_64-linux-gnu/glib-2.0/include -I/usr/include/pixman-1 -I/usr/include/freetype2 -I/usr/include/libpng12  '
GTK_LIBS='-lgtk-x11-2.0 -lgdk-x11-2.0 -latk-1.0 -lgio-2.0 -lpangoft2-1.0 -lpangocairo-1.0 -lgdk_pixbuf-2.0 -lcairo -lpango-1.0 -lfreetype -lfontconfig -lgobject-2.0 -lglib-2.0  '
INSTALL_DATA='${INSTALL} -m 644'
INSTALL_PROGRAM='${INSTALL}'
INSTALL_SCRIPT='${INSTALL}'
INSTALL_STRIP_PROGRAM='$(install_sh) -c -s'
LD='/usr/bin/ld -m elf_x86_64'
LDFLAGS=''
LIBOBJS=''
LIBS=''
LIBTOOL='$(SHELL) $(top_builddir)/libtool'
LIPO=''
LN_S='ln -s'
LTLIBOBJS=''
MAKEINFO='${SHELL} /home/manas/carsoft/scanalysis/python-gtkextra2/missing --run makeinfo'
MANIFEST_TOOL=':'
MKDIR_P='/bin/mkdir -p'
NM='/usr/bin/nm -B'
NMEDIT=''
OBJDUMP='objdump'
OBJEXT='o'
OTOOL64=''
OTOOL=''
PACKAGE='python-gtkextra'
PACKAGE_BUGREPORT='http://sourceforge.net/tracker/?group_id=35371'
PACKAGE_NAME='python-gtkextra'
PACKAGE_STRING='python-gtkextra 1.1.0'
PACKAGE_TARNAME='python-gtkextra'
PACKAGE_URL=''
PACKAGE_VERSION='1.1.0'
PATH_SEPARATOR=':'
PKG_CONFIG='/usr/bin/pkg-config'
PKG_CONFIG_LIBDIR=''
PKG_CONFIG_PATH=''
PYGTK_CFLAGS=''
PYGTK_DEFSDIR=''
PYGTK_LIBS=''
PYTHON='/usr/bin/python'
PYTHON_EXEC_PREFIX='${exec_prefix}'
PYTHON_INCLUDES='-I/usr/include/python2.7'
PYTHON_PLATFORM='linux2'
PYTHON_PREFIX='${prefix}'
PYTHON_VERSION='2.7'
RANLIB='ranlib'
SED='/bin/sed'
SET_MAKE=''
SHELL='/bin/bash'
STRIP='strip'
VERSION='1.1.0'
ac_ct_AR='ar'
ac_ct_CC='gcc'
ac_ct_DUMPBIN=''
am__EXEEXT_FALSE=''
am__EXEEXT_TRUE=''
am__fastdepCC_FALSE='#'
am__fastdepCC_TRUE=''
am__include='include'
am__isrc=''
am__leading_dot='.'
am__nodep='_no'
am__quote=''
am__tar='$${TAR-tar} chof - "$$tardir"'
am__untar='$${TAR-tar} xf -'
bindir='${exec_prefix}/bin'
build='x86_64-unknown-linux-gnu'
build_alias=''
build_cpu='x86_64'
build_os='linux-gnu'
build_vendor='unknown'
datadir='${datarootdir}'
datarootdir='${prefix}/share'
docdir='${datarootdir}/doc/${PACKAGE_TARNAME}'
dvidir='${docdir}'
exec_prefix='NONE'
host='x86_64-unknown-linux-gnu'
host_alias=''
host_cpu='x86_64'
host_os='linux-gnu'
host_vendor='unknown'
htmldir='${docdir}'
includedir='${prefix}/include'
infodir='${datarootdir}/info'
install_sh='${SHELL} /home/manas/carsoft/scanalysis/python-gtkextra2/install-sh'
libdir='${exec_prefix}/lib'
libexecdir='${exec_prefix}/libexec'
localedir='${datarootdir}/locale'
localstatedir='${prefix}/var'
mandir='${datarootdir}/man'
mkdir_p='/bin/mkdir -p'
oldincludedir='/usr/include'
pdfdir='${docdir}'
pkgpyexecdir='${pyexecdir}/python-gtkextra'
pkgpythondir='${pythondir}/python-gtkextra'
prefix='NONE'
program_transform_name='s,x,x,'
psdir='${docdir}'
pyexecdir='${exec_prefix}/lib/python2.7/dist-packages'
pythondir='${prefix}/lib/python2.7/dist-packages'
sbindir='${exec_prefix}/sbin'
sharedstatedir='${prefix}/com'
sysconfdir='${prefix}/etc'
target_alias=''

## ----------- ##
## confdefs.h. ##
## ----------- ##

/* confdefs.h */
#define PACKAGE_NAME "python-gtkextra"
#define PACKAGE_TARNAME "python-gtkextra"
#define PACKAGE_VERSION "1.1.0"
#define PACKAGE_STRING "python-gtkextra 1.1.0"
#define PACKAGE_BUGREPORT "http://sourceforge.net/tracker/?group_id=35371"
#define PACKAGE_URL ""
#define PYTHON_GTKEXTRA_MAJOR_VERSION 1
#define PYTHON_GTKEXTRA_MINOR_VERSION 1
#define PYTHON_GTKEXTRA_MICRO_VERSION 0
#define PACKAGE "python-gtkextra"
#define VERSION "1.1.0"
#define STDC_HEADERS 1
#define HAVE_SYS_TYPES_H 1
#define HAVE_SYS_STAT_H 1
#define HAVE_STDLIB_H 1
#define HAVE_STRING_H 1
#define HAVE_MEMORY_H 1
#define HAVE_STRINGS_H 1
#define HAVE_INTTYPES_H 1
#define HAVE_STDINT_H 1
#define HAVE_UNISTD_H 1
#define HAVE_DLFCN_H 1
#define LT_OBJDIR ".libs/"

configure: exit 1
